Analysis & Synthesis report for MIPSProcessor
Mon Jul 23 19:27:03 2018
Quartus Prime Version 18.0.0 Build 614 04/24/2018 SJ Lite Edition


---------------------
; Table of Contents ;
---------------------
  1. Legal Notice
  2. Analysis & Synthesis Summary
  3. Analysis & Synthesis Settings
  4. Parallel Compilation
  5. Analysis & Synthesis IP Cores Summary
  6. Analysis & Synthesis Messages



----------------
; Legal Notice ;
----------------
Copyright (C) 2018  Intel Corporation. All rights reserved.
Your use of Intel Corporation's design tools, logic functions 
and other software and tools, and its AMPP partner logic 
functions, and any output files from any of the foregoing 
(including device programming or simulation files), and any 
associated documentation or information are expressly subject 
to the terms and conditions of the Intel Program License 
Subscription Agreement, the Intel Quartus Prime License Agreement,
the Intel FPGA IP License Agreement, or other applicable license
agreement, including, without limitation, that your use is for
the sole purpose of programming logic devices manufactured by
Intel and sold by Intel or its authorized distributors.  Please
refer to the applicable agreement for further details.



+----------------------------------------------------------------------------------+
; Analysis & Synthesis Summary                                                     ;
+------------------------------------+---------------------------------------------+
; Analysis & Synthesis Status        ; Failed - Mon Jul 23 19:27:03 2018           ;
; Quartus Prime Version              ; 18.0.0 Build 614 04/24/2018 SJ Lite Edition ;
; Revision Name                      ; MIPSProcessor                               ;
; Top-level Entity Name              ; Main                                        ;
; Family                             ; Cyclone IV E                                ;
; Total logic elements               ; N/A until Partition Merge                   ;
;     Total combinational functions  ; N/A until Partition Merge                   ;
;     Dedicated logic registers      ; N/A until Partition Merge                   ;
; Total registers                    ; N/A until Partition Merge                   ;
; Total pins                         ; N/A until Partition Merge                   ;
; Total virtual pins                 ; N/A until Partition Merge                   ;
; Total memory bits                  ; N/A until Partition Merge                   ;
; Embedded Multiplier 9-bit elements ; N/A until Partition Merge                   ;
; Total PLLs                         ; N/A until Partition Merge                   ;
+------------------------------------+---------------------------------------------+


+------------------------------------------------------------------------------------------------------------+
; Analysis & Synthesis Settings                                                                              ;
+------------------------------------------------------------------+--------------------+--------------------+
; Option                                                           ; Setting            ; Default Value      ;
+------------------------------------------------------------------+--------------------+--------------------+
; Device                                                           ; EP4CE115F29C7      ;                    ;
; Top-level entity name                                            ; Main               ; MIPSProcessor      ;
; Family name                                                      ; Cyclone IV E       ; Cyclone V          ;
; Maximum processors allowed for parallel compilation              ; All                ;                    ;
; Verilog Show LMF Mapping Messages                                ; Off                ;                    ;
; Verilog Version                                                  ; SystemVerilog_2005 ; Verilog_2001       ;
; State Machine Processing                                         ; User-Encoded       ; Auto               ;
; Use smart compilation                                            ; Off                ; Off                ;
; Enable parallel Assembler and Timing Analyzer during compilation ; On                 ; On                 ;
; Enable compact report table                                      ; Off                ; Off                ;
; Restructure Multiplexers                                         ; Auto               ; Auto               ;
; Create Debugging Nodes for IP Cores                              ; Off                ; Off                ;
; Preserve fewer node names                                        ; On                 ; On                 ;
; Intel FPGA IP Evaluation Mode                                    ; Enable             ; Enable             ;
; VHDL Version                                                     ; VHDL_1993          ; VHDL_1993          ;
; Safe State Machine                                               ; Off                ; Off                ;
; Extract Verilog State Machines                                   ; On                 ; On                 ;
; Extract VHDL State Machines                                      ; On                 ; On                 ;
; Ignore Verilog initial constructs                                ; Off                ; Off                ;
; Iteration limit for constant Verilog loops                       ; 5000               ; 5000               ;
; Iteration limit for non-constant Verilog loops                   ; 250                ; 250                ;
; Add Pass-Through Logic to Inferred RAMs                          ; On                 ; On                 ;
; Infer RAMs from Raw Logic                                        ; On                 ; On                 ;
; Parallel Synthesis                                               ; On                 ; On                 ;
; DSP Block Balancing                                              ; Auto               ; Auto               ;
; NOT Gate Push-Back                                               ; On                 ; On                 ;
; Power-Up Don't Care                                              ; On                 ; On                 ;
; Remove Redundant Logic Cells                                     ; Off                ; Off                ;
; Remove Duplicate Registers                                       ; On                 ; On                 ;
; Ignore CARRY Buffers                                             ; Off                ; Off                ;
; Ignore CASCADE Buffers                                           ; Off                ; Off                ;
; Ignore GLOBAL Buffers                                            ; Off                ; Off                ;
; Ignore ROW GLOBAL Buffers                                        ; Off                ; Off                ;
; Ignore LCELL Buffers                                             ; Off                ; Off                ;
; Ignore SOFT Buffers                                              ; On                 ; On                 ;
; Limit AHDL Integers to 32 Bits                                   ; Off                ; Off                ;
; Optimization Technique                                           ; Balanced           ; Balanced           ;
; Carry Chain Length                                               ; 70                 ; 70                 ;
; Auto Carry Chains                                                ; On                 ; On                 ;
; Auto Open-Drain Pins                                             ; On                 ; On                 ;
; Perform WYSIWYG Primitive Resynthesis                            ; Off                ; Off                ;
; Auto ROM Replacement                                             ; On                 ; On                 ;
; Auto RAM Replacement                                             ; On                 ; On                 ;
; Auto DSP Block Replacement                                       ; On                 ; On                 ;
; Auto Shift Register Replacement                                  ; Auto               ; Auto               ;
; Allow Shift Register Merging across Hierarchies                  ; Auto               ; Auto               ;
; Auto Clock Enable Replacement                                    ; On                 ; On                 ;
; Strict RAM Replacement                                           ; Off                ; Off                ;
; Allow Synchronous Control Signals                                ; On                 ; On                 ;
; Force Use of Synchronous Clear Signals                           ; Off                ; Off                ;
; Auto RAM Block Balancing                                         ; On                 ; On                 ;
; Auto RAM to Logic Cell Conversion                                ; Off                ; Off                ;
; Auto Resource Sharing                                            ; Off                ; Off                ;
; Allow Any RAM Size For Recognition                               ; Off                ; Off                ;
; Allow Any ROM Size For Recognition                               ; Off                ; Off                ;
; Allow Any Shift Register Size For Recognition                    ; Off                ; Off                ;
; Use LogicLock Constraints during Resource Balancing              ; On                 ; On                 ;
; Ignore translate_off and synthesis_off directives                ; Off                ; Off                ;
; Timing-Driven Synthesis                                          ; On                 ; On                 ;
; Report Parameter Settings                                        ; On                 ; On                 ;
; Report Source Assignments                                        ; On                 ; On                 ;
; Report Connectivity Checks                                       ; On                 ; On                 ;
; Ignore Maximum Fan-Out Assignments                               ; Off                ; Off                ;
; Synchronization Register Chain Length                            ; 2                  ; 2                  ;
; Power Optimization During Synthesis                              ; Normal compilation ; Normal compilation ;
; HDL message level                                                ; Level2             ; Level2             ;
; Suppress Register Optimization Related Messages                  ; Off                ; Off                ;
; Number of Removed Registers Reported in Synthesis Report         ; 5000               ; 5000               ;
; Number of Swept Nodes Reported in Synthesis Report               ; 5000               ; 5000               ;
; Number of Inverted Registers Reported in Synthesis Report        ; 100                ; 100                ;
; Clock MUX Protection                                             ; On                 ; On                 ;
; Auto Gated Clock Conversion                                      ; Off                ; Off                ;
; Block Design Naming                                              ; Auto               ; Auto               ;
; SDC constraint protection                                        ; Off                ; Off                ;
; Synthesis Effort                                                 ; Auto               ; Auto               ;
; Shift Register Replacement - Allow Asynchronous Clear Signal     ; On                 ; On                 ;
; Pre-Mapping Resynthesis Optimization                             ; Off                ; Off                ;
; Analysis & Synthesis Message Level                               ; Medium             ; Medium             ;
; Disable Register Merging Across Hierarchies                      ; Auto               ; Auto               ;
; Resource Aware Inference For Block RAM                           ; On                 ; On                 ;
+------------------------------------------------------------------+--------------------+--------------------+


+------------------------------------------+
; Parallel Compilation                     ;
+----------------------------+-------------+
; Processors                 ; Number      ;
+----------------------------+-------------+
; Number detected on machine ; 2           ;
; Maximum allowed            ; 2           ;
;                            ;             ;
; Average used               ; 1.00        ;
; Maximum used               ; 1           ;
;                            ;             ;
; Usage by Processor         ; % Time Used ;
;     Processor 1            ; 100.0%      ;
+----------------------------+-------------+


+------------------------------------------------------------------------------------------------------------------------------------------------+
; Analysis & Synthesis IP Cores Summary                                                                                                          ;
+--------+--------------+---------+--------------+--------------+---------------------------------------------------+----------------------------+
; Vendor ; IP Core Name ; Version ; Release Date ; License Type ; Entity Instance                                   ; IP Include File            ;
+--------+--------------+---------+--------------+--------------+---------------------------------------------------+----------------------------+
; N/A    ; altclkctrl   ; 18.0    ; N/A          ; N/A          ; |Main|ProcessorClockEnabler:pce                   ; ProcessorClockEnabler.qsys ;
; Altera ; RAM: 2-PORT  ; 18.0    ; N/A          ; N/A          ; |Main|Processor:processor|Memory:mem|RAM32Bit:ram ; RAM32Bit.v                 ;
+--------+--------------+---------+--------------+--------------+---------------------------------------------------+----------------------------+


+-------------------------------+
; Analysis & Synthesis Messages ;
+-------------------------------+
Info: *******************************************************************
Info: Running Quartus Prime Analysis & Synthesis
    Info: Version 18.0.0 Build 614 04/24/2018 SJ Lite Edition
    Info: Processing started: Mon Jul 23 19:26:41 2018
Info: Command: quartus_map --read_settings_files=on --write_settings_files=off MIPSProcessor -c MIPSProcessor
Info (20030): Parallel compilation is enabled and will use 2 of the 2 processors detected
Info (12248): Elaborating Platform Designer system entity "ProcessorClockEnabler.qsys"
Info (12250): 2018.07.23.19:26:58 Progress: Loading Quartus/ProcessorClockEnabler.qsys
Info (12250): 2018.07.23.19:26:58 Progress: Reading input file
Info (12250): 2018.07.23.19:26:58 Progress: Adding altclkctrl_0 [altclkctrl 18.0]
Info (12250): 2018.07.23.19:26:59 Progress: Parameterizing module altclkctrl_0
Info (12250): 2018.07.23.19:26:59 Progress: Building connections
Info (12250): 2018.07.23.19:26:59 Progress: Parameterizing connections
Info (12250): 2018.07.23.19:26:59 Progress: Validating
Info (12250): 2018.07.23.19:26:59 Progress: Done reading input file
Info (12250): 2018.07.23.19:27:00 : ProcessorClockEnabler.altclkctrl_0: Targeting device family: Cyclone IV E.
Info (12250): 2018.07.23.19:27:00 : ProcessorClockEnabler.altclkctrl_0: Global clock network allows a clock signal to reach all parts of the chip with the same amount of skew. Input port 'clkselect' can be used to switch between four clock inputs.
Info (12250): ProcessorClockEnabler: Generating ProcessorClockEnabler "ProcessorClockEnabler" for QUARTUS_SYNTH
Info (12250): Altclkctrl_0: Generating top-level entity ProcessorClockEnabler_altclkctrl_0.
Info (12250): Altclkctrl_0: "ProcessorClockEnabler" instantiated altclkctrl "altclkctrl_0"
Info (12250): ProcessorClockEnabler: Done "ProcessorClockEnabler" with 2 modules, 2 files
Info (12249): Finished elaborating Platform Designer system entity "ProcessorClockEnabler.qsys"
Info (12021): Found 1 design units, including 1 entities, in source file ProcessorClockEnabler/synthesis/ProcessorClockEnabler.v
    Info (12023): Found entity 1: ProcessorClockEnabler File: /home/imaustyn/Desktop/FPGAComputer/Quartus/ProcessorClockEnabler/synthesis/ProcessorClockEnabler.v Line: 6
Info (12021): Found 2 design units, including 2 entities, in source file ProcessorClockEnabler/synthesis/submodules/ProcessorClockEnabler_altclkctrl_0.v
    Info (12023): Found entity 1: ProcessorClockEnabler_altclkctrl_0_sub File: /home/imaustyn/Desktop/FPGAComputer/Quartus/ProcessorClockEnabler/synthesis/submodules/ProcessorClockEnabler_altclkctrl_0.v Line: 28
    Info (12023): Found entity 2: ProcessorClockEnabler_altclkctrl_0 File: /home/imaustyn/Desktop/FPGAComputer/Quartus/ProcessorClockEnabler/synthesis/submodules/ProcessorClockEnabler_altclkctrl_0.v Line: 89
Info (12021): Found 1 design units, including 1 entities, in source file /home/imaustyn/Desktop/FPGAComputer/HDL/RS232.sv
    Info (12023): Found entity 1: RS232 File: /home/imaustyn/Desktop/FPGAComputer/HDL/RS232.sv Line: 5
Info (12021): Found 1 design units, including 1 entities, in source file /home/imaustyn/Desktop/FPGAComputer/HDL/RegisterFile.sv
    Info (12023): Found entity 1: RegisterFile File: /home/imaustyn/Desktop/FPGAComputer/HDL/RegisterFile.sv Line: 5
Info (12021): Found 1 design units, including 1 entities, in source file /home/imaustyn/Desktop/FPGAComputer/HDL/PC.sv
    Info (12023): Found entity 1: PC File: /home/imaustyn/Desktop/FPGAComputer/HDL/PC.sv Line: 1
Info (12021): Found 2 design units, including 1 entities, in source file /home/imaustyn/Desktop/FPGAComputer/HDL/Memory.sv
    Info (12022): Found design unit 1: MemoryModesPackage (SystemVerilog) File: /home/imaustyn/Desktop/FPGAComputer/HDL/Memory.sv Line: 2
    Info (12023): Found entity 1: Memory File: /home/imaustyn/Desktop/FPGAComputer/HDL/Memory.sv Line: 16
Info (12021): Found 3 design units, including 1 entities, in source file /home/imaustyn/Desktop/FPGAComputer/HDL/Control.sv
    Info (12022): Found design unit 1: MIPSInstructionPackage (SystemVerilog) File: /home/imaustyn/Desktop/FPGAComputer/HDL/Control.sv Line: 1
    Info (12022): Found design unit 2: ControlLinePackage (SystemVerilog) File: /home/imaustyn/Desktop/FPGAComputer/HDL/Control.sv Line: 85
    Info (12023): Found entity 1: Control File: /home/imaustyn/Desktop/FPGAComputer/HDL/Control.sv Line: 110
Info (12021): Found 2 design units, including 1 entities, in source file /home/imaustyn/Desktop/FPGAComputer/HDL/Branch.sv
    Info (12022): Found design unit 1: BranchModesPackage (SystemVerilog) File: /home/imaustyn/Desktop/FPGAComputer/HDL/Branch.sv Line: 1
    Info (12023): Found entity 1: Branch File: /home/imaustyn/Desktop/FPGAComputer/HDL/Branch.sv Line: 31
Info (12021): Found 2 design units, including 1 entities, in source file /home/imaustyn/Desktop/FPGAComputer/HDL/ALU.sv
    Info (12022): Found design unit 1: ALUFunctCodesPackage (SystemVerilog) File: /home/imaustyn/Desktop/FPGAComputer/HDL/ALU.sv Line: 1
    Info (12023): Found entity 1: ALU File: /home/imaustyn/Desktop/FPGAComputer/HDL/ALU.sv Line: 47
Info (12021): Found 2 design units, including 1 entities, in source file /home/imaustyn/Desktop/FPGAComputer/HDL/Processor.sv
    Info (12022): Found design unit 1: ProcessorPackage (SystemVerilog) File: /home/imaustyn/Desktop/FPGAComputer/HDL/Processor.sv Line: 1
    Info (12023): Found entity 1: Processor File: /home/imaustyn/Desktop/FPGAComputer/HDL/Processor.sv Line: 8
Info (12021): Found 1 design units, including 1 entities, in source file RAM32Bit.v
    Info (12023): Found entity 1: RAM32Bit File: /home/imaustyn/Desktop/FPGAComputer/Quartus/RAM32Bit.v Line: 39
Info (12021): Found 1 design units, including 1 entities, in source file /home/imaustyn/Desktop/FPGAComputer/HDL/Main.sv
    Info (12023): Found entity 1: Main File: /home/imaustyn/Desktop/FPGAComputer/HDL/Main.sv Line: 3
Info (12021): Found 1 design units, including 1 entities, in source file SerialCommandProcessor.sv
    Info (12023): Found entity 1: SerialCommandProcessor File: /home/imaustyn/Desktop/FPGAComputer/Quartus/SerialCommandProcessor.sv Line: 1
Info (15248): File "/home/imaustyn/Desktop/FPGAComputer/Quartus/db/ip/ProcessorClockEnabler/ProcessorClockEnabler.v" is a duplicate of already analyzed file "/home/imaustyn/Desktop/FPGAComputer/Quartus/ProcessorClockEnabler/synthesis/ProcessorClockEnabler.v" (same filename, same library name and same md5 digest). Skipping analysis of this file.
Info (12021): Found 0 design units, including 0 entities, in source file db/ip/ProcessorClockEnabler/ProcessorClockEnabler.v
Info (15248): File "/home/imaustyn/Desktop/FPGAComputer/Quartus/db/ip/ProcessorClockEnabler/submodules/ProcessorClockEnabler_altclkctrl_0.v" is a duplicate of already analyzed file "/home/imaustyn/Desktop/FPGAComputer/Quartus/ProcessorClockEnabler/synthesis/submodules/ProcessorClockEnabler_altclkctrl_0.v" (same filename, same library name and same md5 digest). Skipping analysis of this file.
Info (12021): Found 0 design units, including 0 entities, in source file db/ip/ProcessorClockEnabler/submodules/ProcessorClockEnabler_altclkctrl_0.v
Info (12127): Elaborating entity "Main" for the top level hierarchy
Info (12128): Elaborating entity "ProcessorClockEnabler" for hierarchy "ProcessorClockEnabler:pce" File: /home/imaustyn/Desktop/FPGAComputer/HDL/Main.sv Line: 40
Info (12128): Elaborating entity "ProcessorClockEnabler_altclkctrl_0" for hierarchy "ProcessorClockEnabler:pce|ProcessorClockEnabler_altclkctrl_0:altclkctrl_0" File: /home/imaustyn/Desktop/FPGAComputer/Quartus/ProcessorClockEnabler/synthesis/ProcessorClockEnabler.v Line: 16
Info (12128): Elaborating entity "ProcessorClockEnabler_altclkctrl_0_sub" for hierarchy "ProcessorClockEnabler:pce|ProcessorClockEnabler_altclkctrl_0:altclkctrl_0|ProcessorClockEnabler_altclkctrl_0_sub:ProcessorClockEnabler_altclkctrl_0_sub_component" File: /home/imaustyn/Desktop/FPGAComputer/Quartus/ProcessorClockEnabler/synthesis/submodules/ProcessorClockEnabler_altclkctrl_0.v Line: 119
Info (12128): Elaborating entity "RS232" for hierarchy "RS232:rs" File: /home/imaustyn/Desktop/FPGAComputer/HDL/Main.sv Line: 91
Info (10264): Verilog HDL Case Statement information at RS232.sv(120): all case item expressions in this case statement are onehot File: /home/imaustyn/Desktop/FPGAComputer/HDL/RS232.sv Line: 120
Info (10264): Verilog HDL Case Statement information at RS232.sv(225): all case item expressions in this case statement are onehot File: /home/imaustyn/Desktop/FPGAComputer/HDL/RS232.sv Line: 225
Info (12128): Elaborating entity "Processor" for hierarchy "Processor:processor" File: /home/imaustyn/Desktop/FPGAComputer/HDL/Main.sv Line: 104
Warning (10036): Verilog HDL or VHDL warning at Processor.sv(221): object "pc_pcAddress_d0" assigned a value but never read File: /home/imaustyn/Desktop/FPGAComputer/HDL/Processor.sv Line: 221
Warning (10036): Verilog HDL or VHDL warning at Processor.sv(224): object "instructionData_d0" assigned a value but never read File: /home/imaustyn/Desktop/FPGAComputer/HDL/Processor.sv Line: 224
Warning (10036): Verilog HDL or VHDL warning at Processor.sv(248): object "instruction_rsIn_d1" assigned a value but never read File: /home/imaustyn/Desktop/FPGAComputer/HDL/Processor.sv Line: 248
Warning (10036): Verilog HDL or VHDL warning at Processor.sv(249): object "instruction_rtIn_d1" assigned a value but never read File: /home/imaustyn/Desktop/FPGAComputer/HDL/Processor.sv Line: 249
Warning (10036): Verilog HDL or VHDL warning at Processor.sv(253): object "control_readMode_d1" assigned a value but never read File: /home/imaustyn/Desktop/FPGAComputer/HDL/Processor.sv Line: 253
Warning (10036): Verilog HDL or VHDL warning at Processor.sv(254): object "control_writeMode_d1" assigned a value but never read File: /home/imaustyn/Desktop/FPGAComputer/HDL/Processor.sv Line: 254
Warning (10036): Verilog HDL or VHDL warning at Processor.sv(255): object "control_unsignedLoad_d1" assigned a value but never read File: /home/imaustyn/Desktop/FPGAComputer/HDL/Processor.sv Line: 255
Info (12128): Elaborating entity "PC" for hierarchy "Processor:processor|PC:pc" File: /home/imaustyn/Desktop/FPGAComputer/HDL/Processor.sv Line: 38
Info (12128): Elaborating entity "RegisterFile" for hierarchy "Processor:processor|RegisterFile:registerFile" File: /home/imaustyn/Desktop/FPGAComputer/HDL/Processor.sv Line: 67
Info (12128): Elaborating entity "ALU" for hierarchy "Processor:processor|ALU:alu" File: /home/imaustyn/Desktop/FPGAComputer/HDL/Processor.sv Line: 95
Warning (10036): Verilog HDL or VHDL warning at ALU.sv(62): object "carry" assigned a value but never read File: /home/imaustyn/Desktop/FPGAComputer/HDL/ALU.sv Line: 62
Info (12128): Elaborating entity "Branch" for hierarchy "Processor:processor|Branch:branch" File: /home/imaustyn/Desktop/FPGAComputer/HDL/Processor.sv Line: 128
Info (12128): Elaborating entity "Memory" for hierarchy "Processor:processor|Memory:mem" File: /home/imaustyn/Desktop/FPGAComputer/HDL/Processor.sv Line: 160
Info (12128): Elaborating entity "RAM32Bit" for hierarchy "Processor:processor|Memory:mem|RAM32Bit:ram" File: /home/imaustyn/Desktop/FPGAComputer/HDL/Memory.sv Line: 64
Info (12128): Elaborating entity "altsyncram" for hierarchy "Processor:processor|Memory:mem|RAM32Bit:ram|altsyncram:altsyncram_component" File: /home/imaustyn/Desktop/FPGAComputer/Quartus/RAM32Bit.v Line: 114
Info (12130): Elaborated megafunction instantiation "Processor:processor|Memory:mem|RAM32Bit:ram|altsyncram:altsyncram_component" File: /home/imaustyn/Desktop/FPGAComputer/Quartus/RAM32Bit.v Line: 114
Info (12133): Instantiated megafunction "Processor:processor|Memory:mem|RAM32Bit:ram|altsyncram:altsyncram_component" with the following parameter: File: /home/imaustyn/Desktop/FPGAComputer/Quartus/RAM32Bit.v Line: 114
    Info (12134): Parameter "address_reg_b" = "CLOCK1"
    Info (12134): Parameter "byte_size" = "8"
    Info (12134): Parameter "clock_enable_input_a" = "BYPASS"
    Info (12134): Parameter "clock_enable_input_b" = "BYPASS"
    Info (12134): Parameter "clock_enable_output_a" = "BYPASS"
    Info (12134): Parameter "clock_enable_output_b" = "BYPASS"
    Info (12134): Parameter "indata_reg_b" = "CLOCK1"
    Info (12134): Parameter "intended_device_family" = "Cyclone IV E"
    Info (12134): Parameter "lpm_type" = "altsyncram"
    Info (12134): Parameter "numwords_a" = "65535"
    Info (12134): Parameter "numwords_b" = "65535"
    Info (12134): Parameter "operation_mode" = "BIDIR_DUAL_PORT"
    Info (12134): Parameter "outdata_aclr_a" = "CLEAR0"
    Info (12134): Parameter "outdata_aclr_b" = "CLEAR1"
    Info (12134): Parameter "outdata_reg_a" = "UNREGISTERED"
    Info (12134): Parameter "outdata_reg_b" = "UNREGISTERED"
    Info (12134): Parameter "power_up_uninitialized" = "FALSE"
    Info (12134): Parameter "read_during_write_mode_port_a" = "NEW_DATA_WITH_NBE_READ"
    Info (12134): Parameter "read_during_write_mode_port_b" = "NEW_DATA_WITH_NBE_READ"
    Info (12134): Parameter "widthad_a" = "16"
    Info (12134): Parameter "widthad_b" = "16"
    Info (12134): Parameter "width_a" = "32"
    Info (12134): Parameter "width_b" = "32"
    Info (12134): Parameter "width_byteena_a" = "4"
    Info (12134): Parameter "width_byteena_b" = "1"
    Info (12134): Parameter "wrcontrol_wraddress_reg_b" = "CLOCK1"
Info (12021): Found 1 design units, including 1 entities, in source file db/altsyncram_oni2.tdf
    Info (12023): Found entity 1: altsyncram_oni2 File: /home/imaustyn/Desktop/FPGAComputer/Quartus/db/altsyncram_oni2.tdf Line: 31
Info (12128): Elaborating entity "altsyncram_oni2" for hierarchy "Processor:processor|Memory:mem|RAM32Bit:ram|altsyncram:altsyncram_component|altsyncram_oni2:auto_generated" File: /home/imaustyn/intelFPGA_lite/18.0/quartus/libraries/megafunctions/altsyncram.tdf Line: 791
Info (12021): Found 1 design units, including 1 entities, in source file db/decode_rsa.tdf
    Info (12023): Found entity 1: decode_rsa File: /home/imaustyn/Desktop/FPGAComputer/Quartus/db/decode_rsa.tdf Line: 22
Info (12128): Elaborating entity "decode_rsa" for hierarchy "Processor:processor|Memory:mem|RAM32Bit:ram|altsyncram:altsyncram_component|altsyncram_oni2:auto_generated|decode_rsa:decode2" File: /home/imaustyn/Desktop/FPGAComputer/Quartus/db/altsyncram_oni2.tdf Line: 56
Info (12021): Found 1 design units, including 1 entities, in source file db/mux_oob.tdf
    Info (12023): Found entity 1: mux_oob File: /home/imaustyn/Desktop/FPGAComputer/Quartus/db/mux_oob.tdf Line: 22
Info (12128): Elaborating entity "mux_oob" for hierarchy "Processor:processor|Memory:mem|RAM32Bit:ram|altsyncram:altsyncram_component|altsyncram_oni2:auto_generated|mux_oob:mux4" File: /home/imaustyn/Desktop/FPGAComputer/Quartus/db/altsyncram_oni2.tdf Line: 60
Info (12128): Elaborating entity "Control" for hierarchy "Processor:processor|Control:control" File: /home/imaustyn/Desktop/FPGAComputer/HDL/Processor.sv Line: 202
Info (12128): Elaborating entity "SerialCommandProcessor" for hierarchy "SerialCommandProcessor:serialCP" File: /home/imaustyn/Desktop/FPGAComputer/HDL/Main.sv Line: 125
Warning (10036): Verilog HDL or VHDL warning at SerialCommandProcessor.sv(103): object "commandLength" assigned a value but never read File: /home/imaustyn/Desktop/FPGAComputer/Quartus/SerialCommandProcessor.sv Line: 103
Warning (10240): Verilog HDL Always Construct warning at SerialCommandProcessor.sv(44): inferring latch(es) for variable "TX_word", which holds its previous value in one or more paths through the always construct File: /home/imaustyn/Desktop/FPGAComputer/Quartus/SerialCommandProcessor.sv Line: 44
Warning (10240): Verilog HDL Always Construct warning at SerialCommandProcessor.sv(44): inferring latch(es) for variable "TX_word_ready", which holds its previous value in one or more paths through the always construct File: /home/imaustyn/Desktop/FPGAComputer/Quartus/SerialCommandProcessor.sv Line: 44
Info (10264): Verilog HDL Case Statement information at SerialCommandProcessor.sv(199): all case item expressions in this case statement are onehot File: /home/imaustyn/Desktop/FPGAComputer/Quartus/SerialCommandProcessor.sv Line: 199
Warning (10030): Net "INFO_STRING.data_a" at SerialCommandProcessor.sv(31) has no driver or initial value, using a default initial value '0' File: /home/imaustyn/Desktop/FPGAComputer/Quartus/SerialCommandProcessor.sv Line: 31
Warning (10030): Net "INFO_STRING.waddr_a" at SerialCommandProcessor.sv(31) has no driver or initial value, using a default initial value '0' File: /home/imaustyn/Desktop/FPGAComputer/Quartus/SerialCommandProcessor.sv Line: 31
Warning (10030): Net "INFO_STRING.we_a" at SerialCommandProcessor.sv(31) has no driver or initial value, using a default initial value '0' File: /home/imaustyn/Desktop/FPGAComputer/Quartus/SerialCommandProcessor.sv Line: 31
Warning (10034): Output port "start_TX" at SerialCommandProcessor.sv(10) has no driver File: /home/imaustyn/Desktop/FPGAComputer/Quartus/SerialCommandProcessor.sv Line: 10
Info (10041): Inferred latch for "TX_word_ready" at SerialCommandProcessor.sv(44) File: /home/imaustyn/Desktop/FPGAComputer/Quartus/SerialCommandProcessor.sv Line: 44
Info (10041): Inferred latch for "TX_word[0]" at SerialCommandProcessor.sv(44) File: /home/imaustyn/Desktop/FPGAComputer/Quartus/SerialCommandProcessor.sv Line: 44
Info (10041): Inferred latch for "TX_word[1]" at SerialCommandProcessor.sv(44) File: /home/imaustyn/Desktop/FPGAComputer/Quartus/SerialCommandProcessor.sv Line: 44
Info (10041): Inferred latch for "TX_word[2]" at SerialCommandProcessor.sv(44) File: /home/imaustyn/Desktop/FPGAComputer/Quartus/SerialCommandProcessor.sv Line: 44
Info (10041): Inferred latch for "TX_word[3]" at SerialCommandProcessor.sv(44) File: /home/imaustyn/Desktop/FPGAComputer/Quartus/SerialCommandProcessor.sv Line: 44
Info (10041): Inferred latch for "TX_word[4]" at SerialCommandProcessor.sv(44) File: /home/imaustyn/Desktop/FPGAComputer/Quartus/SerialCommandProcessor.sv Line: 44
Info (10041): Inferred latch for "TX_word[5]" at SerialCommandProcessor.sv(44) File: /home/imaustyn/Desktop/FPGAComputer/Quartus/SerialCommandProcessor.sv Line: 44
Info (10041): Inferred latch for "TX_word[6]" at SerialCommandProcessor.sv(44) File: /home/imaustyn/Desktop/FPGAComputer/Quartus/SerialCommandProcessor.sv Line: 44
Info (10041): Inferred latch for "TX_word[7]" at SerialCommandProcessor.sv(44) File: /home/imaustyn/Desktop/FPGAComputer/Quartus/SerialCommandProcessor.sv Line: 44
Info (10041): Inferred latch for "TX_word[8]" at SerialCommandProcessor.sv(44) File: /home/imaustyn/Desktop/FPGAComputer/Quartus/SerialCommandProcessor.sv Line: 44
Info (10041): Inferred latch for "TX_word[9]" at SerialCommandProcessor.sv(44) File: /home/imaustyn/Desktop/FPGAComputer/Quartus/SerialCommandProcessor.sv Line: 44
Info (10041): Inferred latch for "TX_word[10]" at SerialCommandProcessor.sv(44) File: /home/imaustyn/Desktop/FPGAComputer/Quartus/SerialCommandProcessor.sv Line: 44
Info (10041): Inferred latch for "TX_word[11]" at SerialCommandProcessor.sv(44) File: /home/imaustyn/Desktop/FPGAComputer/Quartus/SerialCommandProcessor.sv Line: 44
Info (10041): Inferred latch for "TX_word[12]" at SerialCommandProcessor.sv(44) File: /home/imaustyn/Desktop/FPGAComputer/Quartus/SerialCommandProcessor.sv Line: 44
Info (10041): Inferred latch for "TX_word[13]" at SerialCommandProcessor.sv(44) File: /home/imaustyn/Desktop/FPGAComputer/Quartus/SerialCommandProcessor.sv Line: 44
Info (10041): Inferred latch for "TX_word[14]" at SerialCommandProcessor.sv(44) File: /home/imaustyn/Desktop/FPGAComputer/Quartus/SerialCommandProcessor.sv Line: 44
Info (10041): Inferred latch for "TX_word[15]" at SerialCommandProcessor.sv(44) File: /home/imaustyn/Desktop/FPGAComputer/Quartus/SerialCommandProcessor.sv Line: 44
Info (10041): Inferred latch for "TX_word[16]" at SerialCommandProcessor.sv(44) File: /home/imaustyn/Desktop/FPGAComputer/Quartus/SerialCommandProcessor.sv Line: 44
Info (10041): Inferred latch for "TX_word[17]" at SerialCommandProcessor.sv(44) File: /home/imaustyn/Desktop/FPGAComputer/Quartus/SerialCommandProcessor.sv Line: 44
Info (10041): Inferred latch for "TX_word[18]" at SerialCommandProcessor.sv(44) File: /home/imaustyn/Desktop/FPGAComputer/Quartus/SerialCommandProcessor.sv Line: 44
Info (10041): Inferred latch for "TX_word[19]" at SerialCommandProcessor.sv(44) File: /home/imaustyn/Desktop/FPGAComputer/Quartus/SerialCommandProcessor.sv Line: 44
Info (10041): Inferred latch for "TX_word[20]" at SerialCommandProcessor.sv(44) File: /home/imaustyn/Desktop/FPGAComputer/Quartus/SerialCommandProcessor.sv Line: 44
Info (10041): Inferred latch for "TX_word[21]" at SerialCommandProcessor.sv(44) File: /home/imaustyn/Desktop/FPGAComputer/Quartus/SerialCommandProcessor.sv Line: 44
Info (10041): Inferred latch for "TX_word[22]" at SerialCommandProcessor.sv(44) File: /home/imaustyn/Desktop/FPGAComputer/Quartus/SerialCommandProcessor.sv Line: 44
Info (10041): Inferred latch for "TX_word[23]" at SerialCommandProcessor.sv(44) File: /home/imaustyn/Desktop/FPGAComputer/Quartus/SerialCommandProcessor.sv Line: 44
Info (10041): Inferred latch for "TX_word[24]" at SerialCommandProcessor.sv(44) File: /home/imaustyn/Desktop/FPGAComputer/Quartus/SerialCommandProcessor.sv Line: 44
Info (10041): Inferred latch for "TX_word[25]" at SerialCommandProcessor.sv(44) File: /home/imaustyn/Desktop/FPGAComputer/Quartus/SerialCommandProcessor.sv Line: 44
Info (10041): Inferred latch for "TX_word[26]" at SerialCommandProcessor.sv(44) File: /home/imaustyn/Desktop/FPGAComputer/Quartus/SerialCommandProcessor.sv Line: 44
Info (10041): Inferred latch for "TX_word[27]" at SerialCommandProcessor.sv(44) File: /home/imaustyn/Desktop/FPGAComputer/Quartus/SerialCommandProcessor.sv Line: 44
Info (10041): Inferred latch for "TX_word[28]" at SerialCommandProcessor.sv(44) File: /home/imaustyn/Desktop/FPGAComputer/Quartus/SerialCommandProcessor.sv Line: 44
Info (10041): Inferred latch for "TX_word[29]" at SerialCommandProcessor.sv(44) File: /home/imaustyn/Desktop/FPGAComputer/Quartus/SerialCommandProcessor.sv Line: 44
Info (10041): Inferred latch for "TX_word[30]" at SerialCommandProcessor.sv(44) File: /home/imaustyn/Desktop/FPGAComputer/Quartus/SerialCommandProcessor.sv Line: 44
Info (10041): Inferred latch for "TX_word[31]" at SerialCommandProcessor.sv(44) File: /home/imaustyn/Desktop/FPGAComputer/Quartus/SerialCommandProcessor.sv Line: 44
Error (10028): Can't resolve multiple constant drivers for net "TX_word[31]" at SerialCommandProcessor.sv(136) File: /home/imaustyn/Desktop/FPGAComputer/Quartus/SerialCommandProcessor.sv Line: 136
Error (10029): Constant driver at SerialCommandProcessor.sv(44) File: /home/imaustyn/Desktop/FPGAComputer/Quartus/SerialCommandProcessor.sv Line: 44
Error (10028): Can't resolve multiple constant drivers for net "TX_word[30]" at SerialCommandProcessor.sv(136) File: /home/imaustyn/Desktop/FPGAComputer/Quartus/SerialCommandProcessor.sv Line: 136
Error (10028): Can't resolve multiple constant drivers for net "TX_word[29]" at SerialCommandProcessor.sv(136) File: /home/imaustyn/Desktop/FPGAComputer/Quartus/SerialCommandProcessor.sv Line: 136
Error (10028): Can't resolve multiple constant drivers for net "TX_word[28]" at SerialCommandProcessor.sv(136) File: /home/imaustyn/Desktop/FPGAComputer/Quartus/SerialCommandProcessor.sv Line: 136
Error (10028): Can't resolve multiple constant drivers for net "TX_word[27]" at SerialCommandProcessor.sv(136) File: /home/imaustyn/Desktop/FPGAComputer/Quartus/SerialCommandProcessor.sv Line: 136
Error (10028): Can't resolve multiple constant drivers for net "TX_word[26]" at SerialCommandProcessor.sv(136) File: /home/imaustyn/Desktop/FPGAComputer/Quartus/SerialCommandProcessor.sv Line: 136
Error (10028): Can't resolve multiple constant drivers for net "TX_word[25]" at SerialCommandProcessor.sv(136) File: /home/imaustyn/Desktop/FPGAComputer/Quartus/SerialCommandProcessor.sv Line: 136
Error (10028): Can't resolve multiple constant drivers for net "TX_word[24]" at SerialCommandProcessor.sv(136) File: /home/imaustyn/Desktop/FPGAComputer/Quartus/SerialCommandProcessor.sv Line: 136
Error (10028): Can't resolve multiple constant drivers for net "TX_word[23]" at SerialCommandProcessor.sv(136) File: /home/imaustyn/Desktop/FPGAComputer/Quartus/SerialCommandProcessor.sv Line: 136
Error (10028): Can't resolve multiple constant drivers for net "TX_word[22]" at SerialCommandProcessor.sv(136) File: /home/imaustyn/Desktop/FPGAComputer/Quartus/SerialCommandProcessor.sv Line: 136
Error (10028): Can't resolve multiple constant drivers for net "TX_word[21]" at SerialCommandProcessor.sv(136) File: /home/imaustyn/Desktop/FPGAComputer/Quartus/SerialCommandProcessor.sv Line: 136
Error (10028): Can't resolve multiple constant drivers for net "TX_word[20]" at SerialCommandProcessor.sv(136) File: /home/imaustyn/Desktop/FPGAComputer/Quartus/SerialCommandProcessor.sv Line: 136
Error (10028): Can't resolve multiple constant drivers for net "TX_word[19]" at SerialCommandProcessor.sv(136) File: /home/imaustyn/Desktop/FPGAComputer/Quartus/SerialCommandProcessor.sv Line: 136
Error (10028): Can't resolve multiple constant drivers for net "TX_word[18]" at SerialCommandProcessor.sv(136) File: /home/imaustyn/Desktop/FPGAComputer/Quartus/SerialCommandProcessor.sv Line: 136
Error (10028): Can't resolve multiple constant drivers for net "TX_word[17]" at SerialCommandProcessor.sv(136) File: /home/imaustyn/Desktop/FPGAComputer/Quartus/SerialCommandProcessor.sv Line: 136
Error (10028): Can't resolve multiple constant drivers for net "TX_word[16]" at SerialCommandProcessor.sv(136) File: /home/imaustyn/Desktop/FPGAComputer/Quartus/SerialCommandProcessor.sv Line: 136
Error (10028): Can't resolve multiple constant drivers for net "TX_word[15]" at SerialCommandProcessor.sv(136) File: /home/imaustyn/Desktop/FPGAComputer/Quartus/SerialCommandProcessor.sv Line: 136
Error (10028): Can't resolve multiple constant drivers for net "TX_word[14]" at SerialCommandProcessor.sv(136) File: /home/imaustyn/Desktop/FPGAComputer/Quartus/SerialCommandProcessor.sv Line: 136
Error (12152): Can't elaborate user hierarchy "SerialCommandProcessor:serialCP" File: /home/imaustyn/Desktop/FPGAComputer/HDL/Main.sv Line: 125
Error: Quartus Prime Analysis & Synthesis was unsuccessful. 20 errors, 15 warnings
    Error: Peak virtual memory: 955 megabytes
    Error: Processing ended: Mon Jul 23 19:27:03 2018
    Error: Elapsed time: 00:00:22
    Error: Total CPU time (on all processors): 00:00:31


